GET
array (
)
_GET['tag'] is NOT set
POST
array (
  'sessid' => '354b457084749373d41e8273146196d9',
  'sender_subscription' => 'add',
  'SENDER_SUBSCRIBE_EMAIL' => 'nakolenke@list.ru',
)
check_email==true
1-mailingListFromPostarray (
  0 => 0,
)
2-mailingListFromPostarray (
  0 => 0,
)
**** mailingList: 
array (
)
**** arFilter: 
array (
  'SITE_ID' => 's1',
  'ID' => 
  array (
    0 => 1,
  ),
)
CONFIRMATION
count(mailingIdList) > 0
sendEmailToSubscriber == true
GET
array (
  'sender_subscription' => 'message_confirm',
)
_GET['tag'] is NOT set
GET
array (
)
_GET['tag'] is NOT set
POST
array (
  'sessid' => 'b200fa35bc8aafc74b85dea8e3d00eb2',
  'sender_subscription' => 'add',
  'SENDER_SUBSCRIBE_EMAIL' => 'nakolenke@list.ru',
)
check_email==true
1-mailingListFromPostarray (
  0 => 0,
)
2-mailingListFromPostarray (
  0 => 0,
)
**** mailingList: 
array (
)
**** arFilter: 
array (
  'SITE_ID' => 's1',
  'ID' => 
  array (
    0 => 1,
  ),
)
CONFIRMATION
count(mailingIdList) > 0
sendEmailToSubscriber == true
GET
array (
  'sender_subscription' => 'message_confirm',
)
_GET['tag'] is NOT set
GET
array (
  'element_code' => '102',
)
_GET['tag'] is NOT set
GET
array (
)
_GET['tag'] is NOT set
GET
array (
)
_GET['tag'] is NOT set
GET
array (
)
_GET['tag'] is NOT set
GET
array (
)
_GET['tag'] is NOT set
GET
array (
)
_GET['tag'] is NOT set
POST
array (
  'sessid' => 'b200fa35bc8aafc74b85dea8e3d00eb2',
  'sender_subscription' => 'add',
  'SENDER_SUBSCRIBE_EMAIL' => 'den.silents@yandex.ru',
)
check_email==true
1-mailingListFromPostarray (
  0 => 0,
)
2-mailingListFromPostarray (
  0 => 0,
)
**** mailingList: 
array (
)
**** arFilter: 
array (
  'SITE_ID' => 's1',
  'ID' => 
  array (
    0 => 1,
  ),
)
CONFIRMATION
count(mailingIdList) > 0
sendEmailToSubscriber == true
GET
array (
  'sender_subscription' => 'message_confirm',
)
_GET['tag'] is NOT set
GET
array (
  'sender_subscription' => 'message_success',
  'tag' => 'sender.eyJFTUFJTCI6Im5ha29sZW5rZUBsaXN0LnJ1IiwiU0lURV9JRCI6InMxIiwiTUFJTElOR19MSVNUIjpbMV19.3736fff1703831dfb4490e2ad5269f58ff390bc3ad893a3b7da13a9aad26921e',
)
_GET['tag'] is NOT set
