2015-Dec-04 13:00:57 Наличие необходимых модулей php (check_php_modules): Ok
Все необходимые модули установлены
2015-Dec-04 13:00:57 Обязательные параметры PHP (check_php_settings): Ok
Настройки правильные
2015-Dec-04 13:00:57 Модули веб-сервера (check_security): Ok
Конфликтов не выявлено
2015-Dec-04 13:00:57 Значения переменных сервера (check_server_vars): Ok
Корректные
2015-Dec-04 13:00:57 Сохранение сессии (check_session): Ok
50% done
2015-Dec-04 13:00:57 Сохранение сессии (check_session): Ok
Успешно
2015-Dec-04 13:00:57 Параметры настройки UTF (mbstring и константа BX_UTF) (check_mbstring): Ok
Правильные. Сайт работает в UTF кодировке
2015-Dec-04 13:00:57 Служебные скрипты в корне сайта (check_install_scripts): Ok
Отсутствуют
2015-Dec-04 13:00:57 Работа с сокетами (check_socket): Ok
Connection to dekotek.ru:80	Success

Успешно
2015-Dec-04 13:00:57 Параметры подключения к базе данных (check_dbconn_settings): Ok
Успешно
2015-Dec-04 13:00:57 Лишний вывод в файлах конфигурации (check_dbconn): Ok
Connection to dekotek.ru:80	Success

Успешно
2015-Dec-04 13:00:58 Выполнение агентов на cron (check_bx_crontab): Warning
Замечание. Агенты выполняются на хитах, рекомендуется перевести выполнение агентов на cron
2015-Dec-04 13:00:58 Сохранение сессии без UserAgent (check_session_ua): Ok
50% done
Connection to dekotek.ru:80	Success

2015-Dec-04 13:00:58 Сохранение сессии без UserAgent (check_session_ua): Ok
Connection to dekotek.ru:80	Success

Успешно
2015-Dec-04 13:00:58 Настройки сайтов (check_sites): Ok
Правильные
2015-Dec-04 13:00:58 Передача объектов по ссылке (check_clone): Ok
Успешно
2015-Dec-04 13:00:58 Размер стека и pcre.recursion_limit (check_pcre_recursion): Ok
Connection to dekotek.ru:80	Success

Успешно
2015-Dec-04 13:00:58 Вызов method_exists на строке (check_method_exists): Ok
Connection to dekotek.ru:80	Success

Успешно
2015-Dec-04 13:00:58 Загрузка файла (check_upload): Ok
Connection to dekotek.ru:80	Success

Успешно
2015-Dec-04 13:00:59 Загрузка файла больше 4Мб (check_upload_big): Ok
Connection to dekotek.ru:80	Success

Успешно
2015-Dec-04 13:00:59 Загрузка файла через php://input (check_upload_raw): Ok
Connection to dekotek.ru:80	Success

Успешно
2015-Dec-04 13:00:59 Передача POST запроса с большим числом параметров (check_post): Ok
Connection to dekotek.ru:80	Success

Успешно
2015-Dec-04 13:00:59 Отправка почты (check_mail): Ok
Успешно
2015-Dec-04 13:01:00 Отправка почтового сообщения больше 64Кб (check_mail_big): Ok
Успешно
2015-Dec-04 13:01:00 Проверка на наличие неотправленных сообщений (check_mail_b_event): Ok
Успешно
2015-Dec-04 13:01:00 Внутреннее перенаправление (функция LocalRedirect) (check_localredirect): Ok
50% done
Connection to dekotek.ru:80	Success

2015-Dec-04 13:01:00 Внутреннее перенаправление (функция LocalRedirect) (check_localredirect): Ok
Connection to dekotek.ru:80	Success

Успешно
2015-Dec-04 13:01:00 Фактическое ограничение памяти (check_memory_limit): Ok
20% done
Connection to dekotek.ru:80	Success

2015-Dec-04 13:01:00 Фактическое ограничение памяти (check_memory_limit): Ok
40% done
Connection to dekotek.ru:80	Success

2015-Dec-04 13:01:00 Фактическое ограничение памяти (check_memory_limit): Ok
60% done
Connection to dekotek.ru:80	Success

2015-Dec-04 13:01:00 Фактическое ограничение памяти (check_memory_limit): Ok
80% done
Connection to dekotek.ru:80	Success

2015-Dec-04 13:01:01 Фактическое ограничение памяти (check_memory_limit): Warning
Connection to dekotek.ru:80	Success

Замечание. Не менее 256 М Значение memory_limit было увеличено с 192M до 512M на момент тестирования через ini_set.
2015-Dec-04 13:01:01 Работа с файлами кеша (check_cache): Ok
Успешно
2015-Dec-04 13:01:01 Доступ к серверу обновлений (check_update): Ok
Успешно
2015-Dec-04 13:01:01 HTTP авторизация (check_http_auth): Ok
Connection to dekotek.ru:80	Success

Успешно
2015-Dec-04 13:01:02 Создание и запуск файла (check_exec): Ok
Connection to dekotek.ru:80	Success

Успешно
2015-Dec-04 13:01:02 Функция getimagesize для swf (check_getimagesize): Ok
Успешно
2015-Dec-04 13:01:02 Версия MySQL-сервера (check_mysql_bug_version): Ok
Успешно
2015-Dec-04 13:01:03 Время на БД и веб-сервере (check_mysql_time): Ok
Успешно
2015-Dec-04 13:01:03 Режим работы MySQL (check_mysql_mode): Ok
Успешно
2015-Dec-04 13:01:03 Кодировка соединения (check_mysql_connection_charset): Ok
character_set_connection=utf8, collation_connection=utf8_unicode_ci, character_set_results=utf8
Успешно
2015-Dec-04 13:01:03 Кодировка базы данных (check_mysql_db_charset): Ok
CHARSET=utf8, COLLATION=utf8_unicode_ci
Успешно
2015-Dec-04 13:01:07 Кодировки таблиц в БД (check_mysql_table_charset): Ok
Успешно
2015-Dec-04 13:01:07 Структура базы данных (check_mysql_table_structure): Ok
0% done
2015-Dec-04 13:01:08 Структура базы данных (check_mysql_table_structure): Ok
3% done
2015-Dec-04 13:01:10 Структура базы данных (check_mysql_table_structure): Ok
6% done
2015-Dec-04 13:01:10 Структура базы данных (check_mysql_table_structure): Ok
9% done
2015-Dec-04 13:01:10 Структура базы данных (check_mysql_table_structure): Ok
12% done
2015-Dec-04 13:01:10 Структура базы данных (check_mysql_table_structure): Ok
16% done
2015-Dec-04 13:01:10 Структура базы данных (check_mysql_table_structure): Ok
19% done
2015-Dec-04 13:01:10 Структура базы данных (check_mysql_table_structure): Ok
22% done
2015-Dec-04 13:01:11 Структура базы данных (check_mysql_table_structure): Ok
25% done
2015-Dec-04 13:01:12 Структура базы данных (check_mysql_table_structure): Ok
29% done
2015-Dec-04 13:01:12 Структура базы данных (check_mysql_table_structure): Ok
32% done
2015-Dec-04 13:01:13 Структура базы данных (check_mysql_table_structure): Ok
35% done
2015-Dec-04 13:01:16 Структура базы данных (check_mysql_table_structure): Ok
38% done
2015-Dec-04 13:01:16 Структура базы данных (check_mysql_table_structure): Ok
41% done
2015-Dec-04 13:01:17 Структура базы данных (check_mysql_table_structure): Ok
45% done
2015-Dec-04 13:01:17 Структура базы данных (check_mysql_table_structure): Ok
48% done
2015-Dec-04 13:01:17 Структура базы данных (check_mysql_table_structure): Ok
51% done
2015-Dec-04 13:01:19 Структура базы данных (check_mysql_table_structure): Ok
54% done
2015-Dec-04 13:01:19 Структура базы данных (check_mysql_table_structure): Ok
58% done
2015-Dec-04 13:01:20 Структура базы данных (check_mysql_table_structure): Ok
61% done
2015-Dec-04 13:01:21 Структура базы данных (check_mysql_table_structure): Ok
64% done
2015-Dec-04 13:01:21 Структура базы данных (check_mysql_table_structure): Ok
67% done
2015-Dec-04 13:01:22 Структура базы данных (check_mysql_table_structure): Ok
70% done
2015-Dec-04 13:01:22 Структура базы данных (check_mysql_table_structure): Ok
74% done
2015-Dec-04 13:01:22 Структура базы данных (check_mysql_table_structure): Ok
77% done
2015-Dec-04 13:01:22 Структура базы данных (check_mysql_table_structure): Ok
80% done
2015-Dec-04 13:01:23 Структура базы данных (check_mysql_table_structure): Ok
83% done
2015-Dec-04 13:01:23 Структура базы данных (check_mysql_table_structure): Ok
87% done
2015-Dec-04 13:01:23 Структура базы данных (check_mysql_table_structure): Ok
90% done
2015-Dec-04 13:01:23 Структура базы данных (check_mysql_table_structure): Ok
93% done
2015-Dec-04 13:01:23 Структура базы данных (check_mysql_table_structure): Ok
96% done
2015-Dec-04 13:01:23 Структура базы данных (check_mysql_table_structure): Ok
Успешно
