array (
  'ID' => '183',
  'ORDER_ID' => '27',
  'ORDER_PROPS_ID' => '1',
  'NAME' => 'Ф.И.О.',
  'VALUE' => 'ФИО',
  'VALUE_ORIG' => 'ФИО',
  'CODE' => 'FIO',
  'PROPERTY_NAME' => 'Ф.И.О.',
  'TYPE' => 'TEXT',
  'PROPS_GROUP_ID' => '1',
  'INPUT_FIELD_LOCATION' => '0',
  'GROUP_NAME' => 'Личные данные',
  'IS_LOCATION' => 'N',
  'IS_EMAIL' => 'N',
  'IS_PROFILE_NAME' => 'Y',
  'IS_PAYER' => 'Y',
  'GROUP_SORT' => '100',
  'ACTIVE' => 'Y',
  'UTIL' => 'N',
)array (
  'ID' => '184',
  'ORDER_ID' => '27',
  'ORDER_PROPS_ID' => '2',
  'NAME' => 'E-Mail',
  'VALUE' => 'nakolenke@gmail.com',
  'VALUE_ORIG' => 'nakolenke@gmail.com',
  'CODE' => 'EMAIL',
  'PROPERTY_NAME' => 'E-Mail',
  'TYPE' => 'TEXT',
  'PROPS_GROUP_ID' => '1',
  'INPUT_FIELD_LOCATION' => '0',
  'GROUP_NAME' => 'Личные данные',
  'IS_LOCATION' => 'N',
  'IS_EMAIL' => 'Y',
  'IS_PROFILE_NAME' => 'N',
  'IS_PAYER' => 'N',
  'GROUP_SORT' => '100',
  'ACTIVE' => 'Y',
  'UTIL' => 'N',
)array (
  'ID' => '185',
  'ORDER_ID' => '27',
  'ORDER_PROPS_ID' => '3',
  'NAME' => 'Телефон',
  'VALUE' => '+5555555555',
  'VALUE_ORIG' => '+5555555555',
  'CODE' => 'PHONE',
  'PROPERTY_NAME' => 'Телефон',
  'TYPE' => 'TEXT',
  'PROPS_GROUP_ID' => '1',
  'INPUT_FIELD_LOCATION' => '0',
  'GROUP_NAME' => 'Личные данные',
  'IS_LOCATION' => 'N',
  'IS_EMAIL' => 'N',
  'IS_PROFILE_NAME' => 'N',
  'IS_PAYER' => 'N',
  'GROUP_SORT' => '100',
  'ACTIVE' => 'Y',
  'UTIL' => 'N',
)array (
  'ID' => '186',
  'ORDER_ID' => '27',
  'ORDER_PROPS_ID' => '4',
  'NAME' => 'Индекс',
  'VALUE' => '101000',
  'VALUE_ORIG' => '101000',
  'CODE' => 'ZIP',
  'PROPERTY_NAME' => 'Индекс',
  'TYPE' => 'TEXT',
  'PROPS_GROUP_ID' => '2',
  'INPUT_FIELD_LOCATION' => '0',
  'GROUP_NAME' => 'Данные для доставки',
  'IS_LOCATION' => 'N',
  'IS_EMAIL' => 'N',
  'IS_PROFILE_NAME' => 'N',
  'IS_PAYER' => 'N',
  'GROUP_SORT' => '200',
  'ACTIVE' => 'Y',
  'UTIL' => 'N',
)array (
  'ID' => '187',
  'ORDER_ID' => '27',
  'ORDER_PROPS_ID' => '6',
  'NAME' => 'Местоположение',
  'VALUE' => '129',
  'VALUE_ORIG' => '0000073738',
  'CODE' => 'LOCATION',
  'PROPERTY_NAME' => 'Местоположение',
  'TYPE' => 'LOCATION',
  'PROPS_GROUP_ID' => '2',
  'INPUT_FIELD_LOCATION' => '5',
  'GROUP_NAME' => 'Данные для доставки',
  'IS_LOCATION' => 'Y',
  'IS_EMAIL' => 'N',
  'IS_PROFILE_NAME' => 'N',
  'IS_PAYER' => 'N',
  'GROUP_SORT' => '200',
  'ACTIVE' => 'Y',
  'UTIL' => 'N',
)array (
  'ID' => '188',
  'ORDER_ID' => '27',
  'ORDER_PROPS_ID' => '5',
  'NAME' => 'Город',
  'VALUE' => 'Москва',
  'VALUE_ORIG' => 'Москва',
  'CODE' => 'CITY',
  'PROPERTY_NAME' => 'Город',
  'TYPE' => 'TEXT',
  'PROPS_GROUP_ID' => '2',
  'INPUT_FIELD_LOCATION' => '0',
  'GROUP_NAME' => 'Данные для доставки',
  'IS_LOCATION' => 'N',
  'IS_EMAIL' => 'N',
  'IS_PROFILE_NAME' => 'N',
  'IS_PAYER' => 'N',
  'GROUP_SORT' => '200',
  'ACTIVE' => 'Y',
  'UTIL' => 'N',
)array (
  'ID' => '189',
  'ORDER_ID' => '27',
  'ORDER_PROPS_ID' => '7',
  'NAME' => 'Адрес доставки',
  'VALUE' => 'Адрес',
  'VALUE_ORIG' => 'Адрес',
  'CODE' => 'ADDRESS',
  'PROPERTY_NAME' => 'Адрес доставки',
  'TYPE' => 'TEXTAREA',
  'PROPS_GROUP_ID' => '2',
  'INPUT_FIELD_LOCATION' => '0',
  'GROUP_NAME' => 'Данные для доставки',
  'IS_LOCATION' => 'N',
  'IS_EMAIL' => 'N',
  'IS_PROFILE_NAME' => 'N',
  'IS_PAYER' => 'N',
  'GROUP_SORT' => '200',
  'ACTIVE' => 'Y',
  'UTIL' => 'N',
)
****************************************
array (
  'ORDER_ID' => '27',
  'ORDER_DATE' => '03.12.2015',
  'ORDER_USER' => 'ФИО',
  'PRICE' => '40.72 руб.',
  'BCC' => 'info@dekotek.ru',
  'EMAIL' => 'nakolenke@gmail.com',
  'ORDER_LIST' => 'АЗАЛИЯ белая - 0.09 м&sup2;: 452.40 руб.
',
  'SALE_EMAIL' => 'info@dekotek.ru',
  'DELIVERY_PRICE' => 0,
  'ORDER_DESCRIPTION' => NULL,
  'PHONE' => '+5555555555',
  'DELIVERY_NAME' => 'Самовывоз',
  'PAY_SYSTEM_NAME' => 'Наличные курьеру',
  'FULL_ADDRESS' => '101000, Россия, Москва, Адрес',
)
****************************************
array (
  'ID' => '27',
  'LID' => 's1',
  'PERSON_TYPE_ID' => '1',
  'PAYED' => 'N',
  'DATE_PAYED' => NULL,
  'EMP_PAYED_ID' => NULL,
  'CANCELED' => 'N',
  'DATE_CANCELED' => NULL,
  'EMP_CANCELED_ID' => NULL,
  'REASON_CANCELED' => NULL,
  'STATUS_ID' => 'N',
  'DATE_STATUS' => '2015-12-03 15:35:25',
  'EMP_STATUS_ID' => NULL,
  'PRICE_DELIVERY' => '0.00',
  'ALLOW_DELIVERY' => 'N',
  'DATE_ALLOW_DELIVERY' => NULL,
  'EMP_ALLOW_DELIVERY_ID' => NULL,
  'DEDUCTED' => 'N',
  'DATE_DEDUCTED' => NULL,
  'EMP_DEDUCTED_ID' => NULL,
  'REASON_UNDO_DEDUCTED' => NULL,
  'MARKED' => 'N',
  'DATE_MARKED' => NULL,
  'EMP_MARKED_ID' => NULL,
  'REASON_MARKED' => NULL,
  'RESERVED' => 'N',
  'PRICE' => '40.72',
  'CURRENCY' => 'RUB',
  'DISCOUNT_VALUE' => '0.00',
  'USER_ID' => '15',
  'PAY_SYSTEM_ID' => '1',
  'DELIVERY_ID' => '2',
  'DATE_INSERT' => '2015-12-03 15:35:25',
  'DATE_UPDATE' => '2015-12-03 15:35:25',
  'USER_DESCRIPTION' => NULL,
  'ADDITIONAL_INFO' => NULL,
  'PS_STATUS' => NULL,
  'PS_STATUS_CODE' => NULL,
  'PS_STATUS_DESCRIPTION' => NULL,
  'PS_STATUS_MESSAGE' => NULL,
  'PS_SUM' => NULL,
  'PS_CURRENCY' => NULL,
  'PS_RESPONSE_DATE' => NULL,
  'COMMENTS' => NULL,
  'TAX_VALUE' => '0.00',
  'STAT_GID' => NULL,
  'SUM_PAID' => '0.00',
  'RECURRING_ID' => NULL,
  'PAY_VOUCHER_NUM' => NULL,
  'PAY_VOUCHER_DATE' => NULL,
  'LOCKED_BY' => NULL,
  'DATE_LOCK' => NULL,
  'RECOUNT_FLAG' => 'Y',
  'AFFILIATE_ID' => NULL,
  'DELIVERY_DOC_NUM' => NULL,
  'DELIVERY_DOC_DATE' => NULL,
  'UPDATED_1C' => 'N',
  'STORE_ID' => NULL,
  'ORDER_TOPIC' => NULL,
  'RESPONSIBLE_ID' => NULL,
  'DATE_PAY_BEFORE' => NULL,
  'DATE_BILL' => NULL,
  'ACCOUNT_NUMBER' => '27',
  'TRACKING_NUMBER' => NULL,
  'XML_ID' => NULL,
  'ID_1C' => NULL,
  'VERSION_1C' => NULL,
  'VERSION' => '2',
  'EXTERNAL_ORDER' => 'N',
  'BX_USER_ID' => NULL,
  'DATE_STATUS_FORMAT' => '03.12.2015 15:35:25',
  'DATE_INSERT_FORMAT' => '03.12.2015',
  'DATE_UPDATE_FORMAT' => '03.12.2015 15:35:25',
  'DATE_LOCK_FORMAT' => NULL,
)